2020-03-12 21:26:24,469 INFO r.s.s.d.r.s.Application [main] Starting Application on InMotion-PC with PID 9332 (C:\Users\InMotion\sapozhnikov\sensorchecker\db\rest\target\classes started by InMotion in C:\Users\InMotion\sapozhnikov\sensorchecker)
2020-03-12 21:26:24,488 INFO r.s.s.d.r.s.Application [main] No active profile set, falling back to default profiles: default
2020-03-12 21:26:31,136 INFO r.s.s.d.r.s.Application [main] Started Application in 7.478 seconds (JVM running for 9.164)
2020-03-12 21:29:45,575 INFO r.s.s.d.r.s.Application [main] Starting Application on InMotion-PC with PID 13184 (C:\Users\InMotion\sapozhnikov\sensorchecker\db\rest\target\classes started by InMotion in C:\Users\InMotion\sapozhnikov\sensorchecker)
2020-03-12 21:29:45,591 INFO r.s.s.d.r.s.Application [main] No active profile set, falling back to default profiles: default
2020-03-12 21:29:53,692 INFO r.s.s.d.r.s.Application [main] Started Application in 9.127 seconds (JVM running for 11.301)
2020-03-12 21:36:03,176 INFO r.s.s.d.r.s.Application [main] Starting Application on InMotion-PC with PID 7972 (C:\Users\InMotion\sapozhnikov\sensorchecker\db\rest\target\classes started by InMotion in C:\Users\InMotion\sapozhnikov\sensorchecker)
2020-03-12 21:36:03,192 INFO r.s.s.d.r.s.Application [main] No active profile set, falling back to default profiles: default
2020-03-12 21:36:07,954 INFO l.e.j.JdbcExecutor [main] SELECT COUNT(*) FROM public.databasechangeloglock
2020-03-12 21:36:07,956 INFO l.e.j.JdbcExecutor [main] SELECT COUNT(*) FROM public.databasechangeloglock
2020-03-12 21:36:07,958 INFO l.e.j.JdbcExecutor [main] SELECT LOCKED FROM public.databasechangeloglock WHERE ID=1
2020-03-12 21:36:07,977 INFO l.l.StandardLockService [main] Successfully acquired change log lock
2020-03-12 21:36:10,607 INFO l.e.j.JdbcExecutor [main] SELECT MD5SUM FROM public.databasechangelog WHERE MD5SUM IS NOT NULL LIMIT 1
2020-03-12 21:36:10,610 INFO l.e.j.JdbcExecutor [main] SELECT COUNT(*) FROM public.databasechangelog
2020-03-12 21:36:10,611 INFO l.c.StandardChangeLogHistoryService [main] Reading from public.databasechangelog
2020-03-12 21:36:10,612 INFO l.e.j.JdbcExecutor [main] SELECT * FROM public.databasechangelog ORDER BY DATEEXECUTED ASC, ORDEREXECUTED ASC
2020-03-12 21:36:10,635 INFO l.l.StandardLockService [main] Successfully released change log lock
2020-03-12 21:36:11,285 INFO r.s.s.d.r.s.Application [main] Started Application in 9.154 seconds (JVM running for 11.17)
2020-03-12 21:42:27,162 INFO r.s.s.d.r.s.Application [main] Starting Application on InMotion-PC with PID 9944 (C:\Users\InMotion\sapozhnikov\sensorchecker\db\rest\target\classes started by InMotion in C:\Users\InMotion\sapozhnikov\sensorchecker)
2020-03-12 21:42:27,185 INFO r.s.s.d.r.s.Application [main] No active profile set, falling back to default profiles: default
2020-03-12 21:42:31,114 INFO l.e.j.JdbcExecutor [main] SELECT COUNT(*) FROM public.databasechangeloglock
2020-03-12 21:42:31,117 INFO l.e.j.JdbcExecutor [main] SELECT COUNT(*) FROM public.databasechangeloglock
2020-03-12 21:42:31,118 INFO l.e.j.JdbcExecutor [main] SELECT LOCKED FROM public.databasechangeloglock WHERE ID=1
2020-03-12 21:42:31,132 INFO l.l.StandardLockService [main] Successfully acquired change log lock
2020-03-12 21:42:33,345 INFO l.e.j.JdbcExecutor [main] SELECT MD5SUM FROM public.databasechangelog WHERE MD5SUM IS NOT NULL LIMIT 1
2020-03-12 21:42:33,347 INFO l.e.j.JdbcExecutor [main] SELECT COUNT(*) FROM public.databasechangelog
2020-03-12 21:42:33,348 INFO l.c.StandardChangeLogHistoryService [main] Reading from public.databasechangelog
2020-03-12 21:42:33,348 INFO l.e.j.JdbcExecutor [main] SELECT * FROM public.databasechangelog ORDER BY DATEEXECUTED ASC, ORDEREXECUTED ASC
2020-03-12 21:42:33,368 INFO l.l.StandardLockService [main] Successfully released change log lock
2020-03-12 21:42:33,830 INFO r.s.s.d.r.s.Application [main] Started Application in 7.435 seconds (JVM running for 8.978)
2020-03-12 21:42:53,866 INFO r.s.s.d.r.s.c.SensorController [http-nio-8080-exec-1] getAllSensors[]
2020-03-12 21:42:54,157 INFO r.s.s.d.r.s.c.TruckController [http-nio-8080-exec-2] getAllTrucks
2020-03-12 21:42:59,213 INFO r.s.s.d.r.s.c.SensorValueController [http-nio-8080-exec-3] getSensorValueByTruckId[2]
2020-03-12 21:53:34,281 INFO r.s.s.d.r.s.Application [main] Starting Application on InMotion-PC with PID 16024 (C:\Users\InMotion\sapozhnikov\sensorchecker\db\rest\target\classes started by InMotion in C:\Users\InMotion\sapozhnikov\sensorchecker)
2020-03-12 21:53:34,300 INFO r.s.s.d.r.s.Application [main] No active profile set, falling back to default profiles: default
2020-03-12 21:53:38,415 INFO l.e.j.JdbcExecutor [main] SELECT COUNT(*) FROM public.databasechangeloglock
2020-03-12 21:53:38,419 INFO l.e.j.JdbcExecutor [main] SELECT COUNT(*) FROM public.databasechangeloglock
2020-03-12 21:53:38,421 INFO l.e.j.JdbcExecutor [main] SELECT LOCKED FROM public.databasechangeloglock WHERE ID=1
2020-03-12 21:53:38,437 INFO l.l.StandardLockService [main] Successfully acquired change log lock
2020-03-12 21:53:40,678 INFO l.e.j.JdbcExecutor [main] SELECT MD5SUM FROM public.databasechangelog WHERE MD5SUM IS NOT NULL LIMIT 1
2020-03-12 21:53:40,681 INFO l.e.j.JdbcExecutor [main] SELECT COUNT(*) FROM public.databasechangelog
2020-03-12 21:53:40,682 INFO l.c.StandardChangeLogHistoryService [main] Reading from public.databasechangelog
2020-03-12 21:53:40,683 INFO l.e.j.JdbcExecutor [main] SELECT * FROM public.databasechangelog ORDER BY DATEEXECUTED ASC, ORDEREXECUTED ASC
2020-03-12 21:53:40,701 INFO l.l.StandardLockService [main] Successfully released change log lock
2020-03-12 21:53:41,189 INFO r.s.s.d.r.s.Application [main] Started Application in 7.743 seconds (JVM running for 9.515)
2020-03-12 21:53:50,569 INFO r.s.s.d.r.s.c.SensorController [http-nio-8080-exec-1] getAllSensors[]
2020-03-12 21:53:50,854 INFO r.s.s.d.r.s.c.TruckController [http-nio-8080-exec-2] getAllTrucks
2020-03-12 21:59:47,502 INFO r.s.s.d.r.s.Application [main] Starting Application on InMotion-PC with PID 18136 (C:\Users\InMotion\sapozhnikov\sensorchecker\db\rest\target\classes started by InMotion in C:\Users\InMotion\sapozhnikov\sensorchecker)
2020-03-12 21:59:47,520 INFO r.s.s.d.r.s.Application [main] No active profile set, falling back to default profiles: default
2020-03-12 21:59:52,653 INFO l.e.j.JdbcExecutor [main] SELECT COUNT(*) FROM public.databasechangeloglock
2020-03-12 21:59:52,655 INFO l.e.j.JdbcExecutor [main] SELECT COUNT(*) FROM public.databasechangeloglock
2020-03-12 21:59:52,657 INFO l.e.j.JdbcExecutor [main] SELECT LOCKED FROM public.databasechangeloglock WHERE ID=1
2020-03-12 21:59:52,674 INFO l.l.StandardLockService [main] Successfully acquired change log lock
2020-03-12 21:59:55,399 INFO l.e.j.JdbcExecutor [main] SELECT MD5SUM FROM public.databasechangelog WHERE MD5SUM IS NOT NULL LIMIT 1
2020-03-12 21:59:55,401 INFO l.e.j.JdbcExecutor [main] SELECT COUNT(*) FROM public.databasechangelog
2020-03-12 21:59:55,403 INFO l.c.StandardChangeLogHistoryService [main] Reading from public.databasechangelog
2020-03-12 21:59:55,403 INFO l.e.j.JdbcExecutor [main] SELECT * FROM public.databasechangelog ORDER BY DATEEXECUTED ASC, ORDEREXECUTED ASC
2020-03-12 21:59:55,428 INFO l.l.StandardLockService [main] Successfully released change log lock
2020-03-12 21:59:56,059 INFO r.s.s.d.r.s.Application [main] Started Application in 9.536 seconds (JVM running for 11.611)
2020-03-12 22:00:05,373 INFO r.s.s.d.r.s.c.SensorController [http-nio-8080-exec-3] getAllSensors[]
2020-03-12 22:00:05,706 INFO r.s.s.d.r.s.c.TruckController [http-nio-8080-exec-2] getAllTrucks
2020-03-12 22:00:53,006 INFO r.s.s.d.r.s.c.SensorController [http-nio-8080-exec-4] getAllSensors[]
2020-03-12 22:00:53,128 INFO r.s.s.d.r.s.c.TruckController [http-nio-8080-exec-5] getAllTrucks
2020-03-12 22:07:44,557 [INFO] Application – Starting Application on InMotion-PC with PID 14388 (C:\Users\InMotion\sapozhnikov\sensorchecker\db\rest\target\classes started by InMotion in C:\Users\InMotion\sapozhnikov\sensorchecker)
2020-03-12 22:07:44,576 [INFO] Application – No active profile set, falling back to default profiles: default
2020-03-12 22:07:50,053 [INFO] JdbcExecutor – SELECT COUNT(*) FROM public.databasechangeloglock
2020-03-12 22:07:50,057 [INFO] JdbcExecutor – SELECT COUNT(*) FROM public.databasechangeloglock
2020-03-12 22:07:50,061 [INFO] JdbcExecutor – SELECT LOCKED FROM public.databasechangeloglock WHERE ID=1
2020-03-12 22:07:50,089 [INFO] StandardLockService – Successfully acquired change log lock
2020-03-12 22:07:55,013 [INFO] JdbcExecutor – SELECT MD5SUM FROM public.databasechangelog WHERE MD5SUM IS NOT NULL LIMIT 1
2020-03-12 22:07:55,017 [INFO] JdbcExecutor – SELECT COUNT(*) FROM public.databasechangelog
2020-03-12 22:07:55,020 [INFO] StandardChangeLogHistoryService – Reading from public.databasechangelog
2020-03-12 22:07:55,021 [INFO] JdbcExecutor – SELECT * FROM public.databasechangelog ORDER BY DATEEXECUTED ASC, ORDEREXECUTED ASC
2020-03-12 22:07:55,055 [INFO] StandardLockService – Successfully released change log lock
2020-03-12 22:07:55,847 [INFO] Application – Started Application in 12.208 seconds (JVM running for 14.61)
2020-03-12 22:07:56,066 [INFO] SensorController – getAllSensors[]
2020-03-12 22:07:56,477 [INFO] TruckController – getAllTrucks
2020-03-12 22:08:00,057 [INFO] SensorValueController – getSensorValueByTruckId[3]
2020-03-12 22:08:59,226 [INFO] SensorController – getAllSensors[]
2020-03-12 22:08:59,325 [INFO] TruckController – getAllTrucks
2020-03-12 22:13:46,633 [INFO] [main] Application – Starting Application on InMotion-PC with PID 12992 (C:\Users\InMotion\sapozhnikov\sensorchecker\db\rest\target\classes started by InMotion in C:\Users\InMotion\sapozhnikov\sensorchecker)
2020-03-12 22:13:46,650 [INFO] [main] Application – No active profile set, falling back to default profiles: default
2020-03-12 22:13:51,494 [INFO] [main] JdbcExecutor – SELECT COUNT(*) FROM public.databasechangeloglock
2020-03-12 22:13:51,497 [INFO] [main] JdbcExecutor – SELECT COUNT(*) FROM public.databasechangeloglock
2020-03-12 22:13:51,501 [INFO] [main] JdbcExecutor – SELECT LOCKED FROM public.databasechangeloglock WHERE ID=1
2020-03-12 22:13:51,519 [INFO] [main] StandardLockService – Successfully acquired change log lock
2020-03-12 22:13:54,356 [INFO] [main] JdbcExecutor – SELECT MD5SUM FROM public.databasechangelog WHERE MD5SUM IS NOT NULL LIMIT 1
2020-03-12 22:13:54,358 [INFO] [main] JdbcExecutor – SELECT COUNT(*) FROM public.databasechangelog
2020-03-12 22:13:54,359 [INFO] [main] StandardChangeLogHistoryService – Reading from public.databasechangelog
2020-03-12 22:13:54,360 [INFO] [main] JdbcExecutor – SELECT * FROM public.databasechangelog ORDER BY DATEEXECUTED ASC, ORDEREXECUTED ASC
2020-03-12 22:13:54,381 [INFO] [main] StandardLockService – Successfully released change log lock
2020-03-12 22:13:54,957 [INFO] [main] Application – Started Application in 9.395 seconds (JVM running for 11.688)
2020-03-12 22:14:14,721 [INFO] [http-nio-8080-exec-1] SensorController – getAllSensors[]
2020-03-12 22:14:15,183 [INFO] [http-nio-8080-exec-2] TruckController – getAllTrucks
2020-03-12 22:14:30,800 [INFO] [http-nio-8080-exec-3] SensorValueController – getSensorValueByTruckId[1]
2020-03-12 22:19:29,125 [INFO] [main] Application – Starting Application on InMotion-PC with PID 17980 (C:\Users\InMotion\sapozhnikov\sensorchecker\db\rest\target\classes started by InMotion in C:\Users\InMotion\sapozhnikov\sensorchecker)
2020-03-12 22:19:29,141 [INFO] [main] Application – No active profile set, falling back to default profiles: default
2020-03-12 22:19:33,901 [INFO] [main] JdbcExecutor – SELECT COUNT(*) FROM public.databasechangeloglock
2020-03-12 22:19:33,903 [INFO] [main] JdbcExecutor – SELECT COUNT(*) FROM public.databasechangeloglock
2020-03-12 22:19:33,905 [INFO] [main] JdbcExecutor – SELECT LOCKED FROM public.databasechangeloglock WHERE ID=1
2020-03-12 22:19:33,924 [INFO] [main] StandardLockService – Successfully acquired change log lock
2020-03-12 22:19:37,423 [INFO] [main] JdbcExecutor – SELECT MD5SUM FROM public.databasechangelog WHERE MD5SUM IS NOT NULL LIMIT 1
2020-03-12 22:19:37,426 [INFO] [main] JdbcExecutor – SELECT COUNT(*) FROM public.databasechangelog
2020-03-12 22:19:37,429 [INFO] [main] StandardChangeLogHistoryService – Reading from public.databasechangelog
2020-03-12 22:19:37,429 [INFO] [main] JdbcExecutor – SELECT * FROM public.databasechangelog ORDER BY DATEEXECUTED ASC, ORDEREXECUTED ASC
2020-03-12 22:19:37,474 [INFO] [main] StandardLockService – Successfully released change log lock
2020-03-12 22:19:38,337 [INFO] [main] Application – Started Application in 10.167 seconds (JVM running for 12.314)
2020-03-12 22:19:51,859 [INFO] [http-nio-8080-exec-1] SensorController – getAllSensors[]
2020-03-12 22:19:52,203 [INFO] [http-nio-8080-exec-2] TruckController – getAllTrucks
2020-03-12 22:20:09,027 [INFO] [http-nio-8080-exec-3] SensorValueController – getSensorValueByTruckId[15]
2020-03-12 22:22:00,542 [INFO] [http-nio-8080-exec-4] SensorController – getAllSensors[]
2020-03-12 22:22:00,651 [INFO] [http-nio-8080-exec-5] TruckController – getAllTrucks
2020-03-12 22:22:40,750 [INFO] [http-nio-8080-exec-8] SensorController – getAllSensors[]
2020-03-12 22:22:40,832 [INFO] [http-nio-8080-exec-10] TruckController – getAllTrucks
2020-03-12 22:25:45,078 [INFO] [http-nio-8080-exec-1] SensorController – getAllSensors[]
2020-03-12 22:25:45,161 [INFO] [http-nio-8080-exec-2] TruckController – getAllTrucks
2020-03-12 22:26:57,205 [INFO] [http-nio-8080-exec-6] SensorController – getAllSensors[]
2020-03-12 22:26:57,307 [INFO] [http-nio-8080-exec-4] TruckController – getAllTrucks
2020-03-12 22:29:25,922 [INFO] [http-nio-8080-exec-7] SensorController – getAllSensors[]
2020-03-12 22:29:26,026 [INFO] [http-nio-8080-exec-8] TruckController – getAllTrucks
2020-03-12 22:29:55,881 [INFO] [http-nio-8080-exec-9] SensorController – getAllSensors[]
2020-03-12 22:29:55,981 [INFO] [http-nio-8080-exec-1] TruckController – getAllTrucks
2020-03-12 22:31:37,906 [INFO] [http-nio-8080-exec-3] SensorController – getAllSensors[]
2020-03-12 22:31:38,046 [INFO] [http-nio-8080-exec-6] TruckController – getAllTrucks
2020-03-12 22:32:38,835 [INFO] [http-nio-8080-exec-5] SensorController – getAllSensors[]
2020-03-12 22:32:38,933 [INFO] [http-nio-8080-exec-7] TruckController – getAllTrucks
2020-03-12 22:33:52,120 [INFO] [http-nio-8080-exec-10] SensorController – getAllSensors[]
2020-03-12 22:33:52,223 [INFO] [http-nio-8080-exec-9] TruckController – getAllTrucks
2020-03-12 22:35:12,471 [INFO] [http-nio-8080-exec-2] SensorController – getAllSensors[]
2020-03-12 22:35:12,622 [INFO] [http-nio-8080-exec-3] TruckController – getAllTrucks
2020-03-12 22:36:22,715 [INFO] [http-nio-8080-exec-4] SensorController – getAllSensors[]
2020-03-12 22:36:22,813 [INFO] [http-nio-8080-exec-5] TruckController – getAllTrucks
2020-03-12 22:37:17,443 [INFO] [http-nio-8080-exec-8] SensorController – getAllSensors[]
2020-03-12 22:37:17,668 [INFO] [http-nio-8080-exec-10] TruckController – getAllTrucks
2020-03-12 22:38:03,551 [INFO] [http-nio-8080-exec-1] SensorController – getAllSensors[]
2020-03-12 22:38:03,649 [INFO] [http-nio-8080-exec-2] TruckController – getAllTrucks
2020-03-12 22:39:24,132 [INFO] [http-nio-8080-exec-6] SensorController – getAllSensors[]
2020-03-12 22:39:24,242 [INFO] [http-nio-8080-exec-4] TruckController – getAllTrucks
2020-03-12 22:39:47,844 [INFO] [http-nio-8080-exec-7] SensorController – getAllSensors[]
2020-03-12 22:39:48,045 [INFO] [http-nio-8080-exec-8] TruckController – getAllTrucks
2020-03-12 22:42:20,549 [INFO] [main] Application – Starting Application on InMotion-PC with PID 18156 (C:\Users\InMotion\sapozhnikov\sensorchecker\db\rest\target\classes started by InMotion in C:\Users\InMotion\sapozhnikov\sensorchecker)
2020-03-12 22:42:20,566 [INFO] [main] Application – No active profile set, falling back to default profiles: default
2020-03-12 22:42:25,339 [INFO] [main] JdbcExecutor – SELECT COUNT(*) FROM public.databasechangeloglock
2020-03-12 22:42:25,342 [INFO] [main] JdbcExecutor – SELECT COUNT(*) FROM public.databasechangeloglock
2020-03-12 22:42:25,344 [INFO] [main] JdbcExecutor – SELECT LOCKED FROM public.databasechangeloglock WHERE ID=1
2020-03-12 22:42:25,388 [INFO] [main] StandardLockService – Successfully acquired change log lock
2020-03-12 22:42:28,047 [INFO] [main] JdbcExecutor – SELECT MD5SUM FROM public.databasechangelog WHERE MD5SUM IS NOT NULL LIMIT 1
2020-03-12 22:42:28,049 [INFO] [main] JdbcExecutor – SELECT COUNT(*) FROM public.databasechangelog
2020-03-12 22:42:28,051 [INFO] [main] StandardChangeLogHistoryService – Reading from public.databasechangelog
2020-03-12 22:42:28,051 [INFO] [main] JdbcExecutor – SELECT * FROM public.databasechangelog ORDER BY DATEEXECUTED ASC, ORDEREXECUTED ASC
2020-03-12 22:42:28,097 [INFO] [main] StandardLockService – Successfully released change log lock
2020-03-12 22:42:28,634 [INFO] [main] Application – Started Application in 9.036 seconds (JVM running for 11.133)
2020-03-12 22:43:34,843 [INFO] [http-nio-8080-exec-1] SensorController – getAllSensors[]
2020-03-12 22:43:35,325 [INFO] [http-nio-8080-exec-2] TruckController – getAllTrucks
2020-03-12 22:43:42,586 [INFO] [http-nio-8080-exec-3] SensorValueController – getSensorValueByTruckId[13]
2020-03-12 22:43:49,464 [INFO] [http-nio-8080-exec-4] SensorValueController – getSensorValueByTruckId[3]
2020-03-12 22:43:53,361 [INFO] [http-nio-8080-exec-5] SensorValueController – getSensorValueByTruckId[2]
2020-03-12 22:44:51,975 [INFO] [http-nio-8080-exec-7] SensorController – getAllSensors[]
2020-03-12 22:45:51,911 [INFO] [http-nio-8080-exec-8] SensorController – getAllSensors[]
2020-03-12 22:46:15,185 [INFO] [http-nio-8080-exec-9] SensorValueController – addSensorValue[SensorValue{id=null, sensorId=1, value=-3, date=null}]
2020-03-12 22:46:15,290 [INFO] [http-nio-8080-exec-10] SensorValueController – addSensorValue[SensorValue{id=null, sensorId=2, value=12, date=null}]
2020-03-12 22:46:15,312 [INFO] [http-nio-8080-exec-1] SensorValueController – addSensorValue[SensorValue{id=null, sensorId=3, value=51, date=null}]
2020-03-12 22:46:15,330 [INFO] [http-nio-8080-exec-2] SensorValueController – addSensorValue[SensorValue{id=null, sensorId=4, value=54, date=null}]
2020-03-12 22:46:15,393 [INFO] [http-nio-8080-exec-3] SensorValueController – addSensorValue[SensorValue{id=null, sensorId=5, value=33, date=null}]
2020-03-12 22:46:15,412 [INFO] [http-nio-8080-exec-4] SensorValueController – addSensorValue[SensorValue{id=null, sensorId=6, value=149, date=null}]
2020-03-12 22:46:15,430 [INFO] [http-nio-8080-exec-5] SensorValueController – addSensorValue[SensorValue{id=null, sensorId=7, value=5, date=null}]
2020-03-12 22:46:15,445 [INFO] [http-nio-8080-exec-6] SensorValueController – addSensorValue[SensorValue{id=null, sensorId=8, value=4, date=null}]
2020-03-12 22:46:15,462 [INFO] [http-nio-8080-exec-7] SensorValueController – addSensorValue[SensorValue{id=null, sensorId=9, value=-143, date=null}]
2020-03-12 22:46:15,478 [INFO] [http-nio-8080-exec-8] SensorValueController – addSensorValue[SensorValue{id=null, sensorId=10, value=12, date=null}]
2020-03-12 22:46:15,495 [INFO] [http-nio-8080-exec-9] SensorValueController – addSensorValue[SensorValue{id=null, sensorId=11, value=41, date=null}]
2020-03-12 22:46:15,515 [INFO] [http-nio-8080-exec-10] SensorValueController – addSensorValue[SensorValue{id=null, sensorId=12, value=45, date=null}]
2020-03-12 22:46:15,570 [INFO] [http-nio-8080-exec-1] SensorValueController – addSensorValue[SensorValue{id=null, sensorId=13, value=24, date=null}]
2020-03-12 22:46:15,587 [INFO] [http-nio-8080-exec-2] SensorValueController – addSensorValue[SensorValue{id=null, sensorId=14, value=46, date=null}]
2020-03-12 22:46:15,620 [INFO] [http-nio-8080-exec-3] SensorValueController – addSensorValue[SensorValue{id=null, sensorId=15, value=19, date=null}]
2020-03-12 22:46:15,641 [INFO] [http-nio-8080-exec-4] SensorValueController – addSensorValue[SensorValue{id=null, sensorId=16, value=23, date=null}]
2020-03-12 22:46:15,658 [INFO] [http-nio-8080-exec-5] SensorValueController – addSensorValue[SensorValue{id=null, sensorId=17, value=80, date=null}]
2020-03-12 22:46:15,676 [INFO] [http-nio-8080-exec-6] SensorValueController – addSensorValue[SensorValue{id=null, sensorId=18, value=-13, date=null}]
2020-03-12 22:46:15,694 [INFO] [http-nio-8080-exec-7] SensorValueController – addSensorValue[SensorValue{id=null, sensorId=19, value=-3, date=null}]
2020-03-12 22:46:15,714 [INFO] [http-nio-8080-exec-8] SensorValueController – addSensorValue[SensorValue{id=null, sensorId=20, value=37, date=null}]
2020-03-12 22:46:15,730 [INFO] [http-nio-8080-exec-9] SensorValueController – addSensorValue[SensorValue{id=null, sensorId=21, value=-78, date=null}]
2020-03-12 22:46:15,745 [INFO] [http-nio-8080-exec-10] SensorValueController – addSensorValue[SensorValue{id=null, sensorId=22, value=39, date=null}]
2020-03-12 22:46:15,761 [INFO] [http-nio-8080-exec-1] SensorValueController – addSensorValue[SensorValue{id=null, sensorId=23, value=71, date=null}]
2020-03-12 22:46:15,778 [INFO] [http-nio-8080-exec-2] SensorValueController – addSensorValue[SensorValue{id=null, sensorId=24, value=-7, date=null}]
2020-03-12 22:46:15,794 [INFO] [http-nio-8080-exec-3] SensorValueController – addSensorValue[SensorValue{id=null, sensorId=25, value=47, date=null}]
2020-03-12 22:46:15,809 [INFO] [http-nio-8080-exec-4] SensorValueController – addSensorValue[SensorValue{id=null, sensorId=26, value=58, date=null}]
2020-03-12 22:46:15,822 [INFO] [http-nio-8080-exec-5] SensorValueController – addSensorValue[SensorValue{id=null, sensorId=27, value=-106, date=null}]
2020-03-12 22:46:15,844 [INFO] [http-nio-8080-exec-6] SensorValueController – addSensorValue[SensorValue{id=null, sensorId=28, value=22, date=null}]
2020-03-12 22:46:15,859 [INFO] [http-nio-8080-exec-7] SensorValueController – addSensorValue[SensorValue{id=null, sensorId=29, value=66, date=null}]
2020-03-12 22:46:15,873 [INFO] [http-nio-8080-exec-8] SensorValueController – addSensorValue[SensorValue{id=null, sensorId=30, value=57, date=null}]
2020-03-12 22:46:15,942 [INFO] [http-nio-8080-exec-9] SensorValueController – addSensorValue[SensorValue{id=null, sensorId=31, value=-13, date=null}]
2020-03-12 22:46:15,960 [INFO] [http-nio-8080-exec-10] SensorValueController – addSensorValue[SensorValue{id=null, sensorId=32, value=45, date=null}]
2020-03-12 22:46:15,976 [INFO] [http-nio-8080-exec-1] SensorValueController – addSensorValue[SensorValue{id=null, sensorId=34, value=-14, date=null}]
2020-03-12 22:46:15,997 [INFO] [http-nio-8080-exec-2] SensorValueController – addSensorValue[SensorValue{id=null, sensorId=36, value=-22, date=null}]
2020-03-12 22:46:16,015 [INFO] [http-nio-8080-exec-3] SensorValueController – addSensorValue[SensorValue{id=null, sensorId=37, value=30, date=null}]
2020-03-12 22:46:16,054 [INFO] [http-nio-8080-exec-4] SensorValueController – addSensorValue[SensorValue{id=null, sensorId=38, value=100, date=null}]
2020-03-12 22:46:16,080 [INFO] [http-nio-8080-exec-5] SensorValueController – addSensorValue[SensorValue{id=null, sensorId=39, value=38, date=null}]
2020-03-12 22:46:16,098 [INFO] [http-nio-8080-exec-6] SensorValueController – addSensorValue[SensorValue{id=null, sensorId=40, value=79, date=null}]
2020-03-12 22:46:16,115 [INFO] [http-nio-8080-exec-7] SensorValueController – addSensorValue[SensorValue{id=null, sensorId=41, value=-173, date=null}]
2020-03-12 22:46:16,131 [INFO] [http-nio-8080-exec-8] SensorValueController – addSensorValue[SensorValue{id=null, sensorId=1, value=1, date=null}]
2020-03-12 22:46:16,149 [INFO] [http-nio-8080-exec-9] SensorValueController – addSensorValue[SensorValue{id=null, sensorId=2, value=-50, date=null}]
2020-03-12 22:46:16,165 [INFO] [http-nio-8080-exec-10] SensorValueController – addSensorValue[SensorValue{id=null, sensorId=3, value=26, date=null}]
2020-03-12 22:46:16,183 [INFO] [http-nio-8080-exec-1] SensorValueController – addSensorValue[SensorValue{id=null, sensorId=4, value=67, date=null}]
2020-03-12 22:46:16,200 [INFO] [http-nio-8080-exec-2] SensorValueController – addSensorValue[SensorValue{id=null, sensorId=5, value=12, date=null}]
2020-03-12 22:46:16,215 [INFO] [http-nio-8080-exec-3] SensorValueController – addSensorValue[SensorValue{id=null, sensorId=6, value=125, date=null}]
2020-03-12 22:46:16,230 [INFO] [http-nio-8080-exec-4] SensorValueController – addSensorValue[SensorValue{id=null, sensorId=7, value=-39, date=null}]
2020-03-12 22:46:16,260 [INFO] [http-nio-8080-exec-5] SensorValueController – addSensorValue[SensorValue{id=null, sensorId=8, value=16, date=null}]
2020-03-12 22:46:16,276 [INFO] [http-nio-8080-exec-6] SensorValueController – addSensorValue[SensorValue{id=null, sensorId=9, value=-159, date=null}]
2020-03-12 22:46:16,292 [INFO] [http-nio-8080-exec-7] SensorValueController – addSensorValue[SensorValue{id=null, sensorId=10, value=31, date=null}]
2020-03-12 22:46:16,306 [INFO] [http-nio-8080-exec-8] SensorValueController – addSensorValue[SensorValue{id=null, sensorId=11, value=30, date=null}]
2020-03-12 22:46:16,319 [INFO] [http-nio-8080-exec-9] SensorValueController – addSensorValue[SensorValue{id=null, sensorId=12, value=108, date=null}]
2020-03-12 22:46:16,334 [INFO] [http-nio-8080-exec-10] SensorValueController – addSensorValue[SensorValue{id=null, sensorId=13, value=-44, date=null}]
2020-03-12 22:46:16,353 [INFO] [http-nio-8080-exec-1] SensorValueController – addSensorValue[SensorValue{id=null, sensorId=14, value=94, date=null}]
2020-03-12 22:46:16,368 [INFO] [http-nio-8080-exec-2] SensorValueController – addSensorValue[SensorValue{id=null, sensorId=15, value=-27, date=null}]
2020-03-12 22:46:16,403 [INFO] [http-nio-8080-exec-3] SensorValueController – addSensorValue[SensorValue{id=null, sensorId=16, value=38, date=null}]
2020-03-12 22:46:16,486 [INFO] [http-nio-8080-exec-4] SensorValueController – addSensorValue[SensorValue{id=null, sensorId=17, value=60, date=null}]
2020-03-12 22:46:16,502 [INFO] [http-nio-8080-exec-5] SensorValueController – addSensorValue[SensorValue{id=null, sensorId=18, value=-33, date=null}]
2020-03-12 22:46:16,533 [INFO] [http-nio-8080-exec-6] SensorValueController – addSensorValue[SensorValue{id=null, sensorId=19, value=-35, date=null}]
2020-03-12 22:46:16,545 [INFO] [http-nio-8080-exec-7] SensorValueController – addSensorValue[SensorValue{id=null, sensorId=20, value=64, date=null}]
2020-03-12 22:46:16,560 [INFO] [http-nio-8080-exec-8] SensorValueController – addSensorValue[SensorValue{id=null, sensorId=21, value=76, date=null}]
2020-03-12 22:46:16,573 [INFO] [http-nio-8080-exec-9] SensorValueController – addSensorValue[SensorValue{id=null, sensorId=22, value=-18, date=null}]
2020-03-12 22:46:16,603 [INFO] [http-nio-8080-exec-10] SensorValueController – addSensorValue[SensorValue{id=null, sensorId=23, value=60, date=null}]
2020-03-12 22:46:16,620 [INFO] [http-nio-8080-exec-1] SensorValueController – addSensorValue[SensorValue{id=null, sensorId=24, value=-154, date=null}]
2020-03-12 22:46:16,637 [INFO] [http-nio-8080-exec-2] SensorValueController – addSensorValue[SensorValue{id=null, sensorId=25, value=8, date=null}]
2020-03-12 22:46:16,648 [INFO] [http-nio-8080-exec-3] SensorValueController – addSensorValue[SensorValue{id=null, sensorId=26, value=58, date=null}]
2020-03-12 22:46:16,660 [INFO] [http-nio-8080-exec-4] SensorValueController – addSensorValue[SensorValue{id=null, sensorId=27, value=128, date=null}]
2020-03-12 22:46:16,672 [INFO] [http-nio-8080-exec-5] SensorValueController – addSensorValue[SensorValue{id=null, sensorId=28, value=-49, date=null}]
2020-03-12 22:46:16,686 [INFO] [http-nio-8080-exec-6] SensorValueController – addSensorValue[SensorValue{id=null, sensorId=29, value=50, date=null}]
2020-03-12 22:46:16,705 [INFO] [http-nio-8080-exec-7] SensorValueController – addSensorValue[SensorValue{id=null, sensorId=30, value=-7, date=null}]
2020-03-12 22:46:16,763 [INFO] [http-nio-8080-exec-8] SensorValueController – addSensorValue[SensorValue{id=null, sensorId=31, value=41, date=null}]
2020-03-12 22:46:16,784 [INFO] [http-nio-8080-exec-9] SensorValueController – addSensorValue[SensorValue{id=null, sensorId=32, value=44, date=null}]
2020-03-12 22:46:16,797 [INFO] [http-nio-8080-exec-10] SensorValueController – addSensorValue[SensorValue{id=null, sensorId=34, value=14, date=null}]
2020-03-12 22:46:16,809 [INFO] [http-nio-8080-exec-1] SensorValueController – addSensorValue[SensorValue{id=null, sensorId=36, value=31, date=null}]
2020-03-12 22:46:16,823 [INFO] [http-nio-8080-exec-2] SensorValueController – addSensorValue[SensorValue{id=null, sensorId=37, value=15, date=null}]
2020-03-12 22:46:16,841 [INFO] [http-nio-8080-exec-3] SensorValueController – addSensorValue[SensorValue{id=null, sensorId=38, value=112, date=null}]
2020-03-12 22:46:16,854 [INFO] [http-nio-8080-exec-4] SensorValueController – addSensorValue[SensorValue{id=null, sensorId=39, value=-38, date=null}]
2020-03-12 22:46:16,867 [INFO] [http-nio-8080-exec-5] SensorValueController – addSensorValue[SensorValue{id=null, sensorId=40, value=96, date=null}]
2020-03-12 22:46:16,879 [INFO] [http-nio-8080-exec-6] SensorValueController – addSensorValue[SensorValue{id=null, sensorId=41, value=127, date=null}]
2020-03-12 22:50:45,866 [INFO] [main] Application – Starting Application on InMotion-PC with PID 16824 (C:\Users\InMotion\sapozhnikov\sensorchecker\db\rest\target\classes started by InMotion in C:\Users\InMotion\sapozhnikov\sensorchecker)
2020-03-12 22:50:45,882 [INFO] [main] Application – No active profile set, falling back to default profiles: default
2020-03-12 22:50:50,577 [INFO] [main] JdbcExecutor – SELECT COUNT(*) FROM public.databasechangeloglock
2020-03-12 22:50:50,580 [INFO] [main] JdbcExecutor – SELECT COUNT(*) FROM public.databasechangeloglock
2020-03-12 22:50:50,583 [INFO] [main] JdbcExecutor – SELECT LOCKED FROM public.databasechangeloglock WHERE ID=1
2020-03-12 22:50:50,605 [INFO] [main] StandardLockService – Successfully acquired change log lock
2020-03-12 22:50:53,313 [INFO] [main] JdbcExecutor – SELECT MD5SUM FROM public.databasechangelog WHERE MD5SUM IS NOT NULL LIMIT 1
2020-03-12 22:50:53,316 [INFO] [main] JdbcExecutor – SELECT COUNT(*) FROM public.databasechangelog
2020-03-12 22:50:53,318 [INFO] [main] StandardChangeLogHistoryService – Reading from public.databasechangelog
2020-03-12 22:50:53,318 [INFO] [main] JdbcExecutor – SELECT * FROM public.databasechangelog ORDER BY DATEEXECUTED ASC, ORDEREXECUTED ASC
2020-03-12 22:50:53,348 [INFO] [main] StandardLockService – Successfully released change log lock
2020-03-12 22:50:53,906 [INFO] [main] Application – Started Application in 8.972 seconds (JVM running for 11.11)
2020-03-12 22:52:43,094 [INFO] [http-nio-8080-exec-1] SensorController – getAllSensors[]
2020-03-12 22:52:43,439 [INFO] [http-nio-8080-exec-2] TruckController – getAllTrucks
2020-03-12 22:52:53,582 [INFO] [http-nio-8080-exec-3] SensorValueController – getSensorValueByTruckId[3]
